<?xml version="1.0" encoding="UTF-8"?>
<!-- Generated by org.testng.reporters.JUnitXMLReporter -->
<testsuite ignored="0" hostname="YOGESH" failures="0" tests="10" name="Default test" time="64.551" errors="0" timestamp="2025-09-25T17:34:11 IST">
  <testcase classname="Practice.Day25_9" name="tc1" time="0.896"/>
  <testcase classname="Practice.Day25_9" name="tc10" time="4.246"/>
  <testcase classname="Practice.Day25_9" name="tc2" time="0.403"/>
  <testcase classname="Practice.Day25_9" name="tc3" time="4.577"/>
  <testcase classname="Practice.Day25_9" name="tc4" time="0.397"/>
  <testcase classname="Practice.Day25_9" name="tc5" time="0.428"/>
  <testcase classname="Practice.Day25_9" name="tc6" time="3.391"/>
  <testcase classname="Practice.Day25_9" name="tc7" time="13.873"/>
  <testcase classname="Practice.Day25_9" name="tc8" time="4.696"/>
  <testcase classname="Practice.Day25_9" name="tc9" time="3.17"/>
</testsuite> <!-- Default test -->
