<?xml version="1.0" encoding="UTF-8"?>
<!-- Generated by org.testng.reporters.JUnitXMLReporter -->
<testsuite ignored="0" hostname="YOGESH" failures="0" tests="10" name="Default test" time="35.576" errors="0" timestamp="2026-07-14T20:41:39 IST">
  <testcase classname="Practice.Day14_7" name="tc1" time="3.686"/>
  <testcase classname="Practice.Day14_7" name="tc10" time="4.359"/>
  <testcase classname="Practice.Day14_7" name="tc2" time="0.266"/>
  <testcase classname="Practice.Day14_7" name="tc3" time="2.532"/>
  <testcase classname="Practice.Day14_7" name="tc4" time="2.301"/>
  <testcase classname="Practice.Day14_7" name="tc5" time="0.234"/>
  <testcase classname="Practice.Day14_7" name="tc6" time="2.595"/>
  <testcase classname="Practice.Day14_7" name="tc7" time="5.489"/>
  <testcase classname="Practice.Day14_7" name="tc8" time="0.578"/>
  <testcase classname="Practice.Day14_7" name="tc9" time="2.855"/>
</testsuite> <!-- Default test -->
