<?xml version="1.0" encoding="UTF-8"?>
<testng-results ignored="9" total="10" passed="1" failed="0" skipped="0">
  <reporter-output>
  </reporter-output>
  <suite started-at="2026-04-27T16:56:49 IST" name="Default suite" finished-at="2026-04-27T16:56:57 IST" duration-ms="8330">
    <groups>
    </groups>
    <test started-at="2026-04-27T16:56:49 IST" name="Default test" finished-at="2026-04-27T16:56:57 IST" duration-ms="8330">
      <class name="Practice.Day27_4">
        <test-method is-config="true" signature="setUp()[pri:0, instance:Practice.Day27_4@411f53a0]" started-at="2026-04-27T16:56:49 IST" name="setUp" finished-at="2026-04-27T16:56:53 IST" duration-ms="4524" status="PASS">
          <reporter-output>
          </reporter-output>
        </test-method> <!-- setUp -->
        <test-method signature="tc9()[pri:0, instance:Practice.Day27_4@411f53a0]" started-at="2026-04-27T16:56:53 IST" name="tc9" finished-at="2026-04-27T16:56:57 IST" duration-ms="3220" status="PASS">
          <reporter-output>
          </reporter-output>
        </test-method> <!-- tc9 -->
        <test-method is-config="true" signature="tearDown()[pri:0, instance:Practice.Day27_4@411f53a0]" started-at="2026-04-27T16:56:57 IST" name="tearDown" finished-at="2026-04-27T16:56:57 IST" duration-ms="520" status="PASS">
          <reporter-output>
          </reporter-output>
        </test-method> <!-- tearDown -->
      </class> <!-- Practice.Day27_4 -->
    </test> <!-- Default test -->
  </suite> <!-- Default suite -->
</testng-results>
