<?xml version="1.0" encoding="UTF-8"?>
<testng-results ignored="0" total="10" passed="10" failed="0" skipped="0">
  <reporter-output>
  </reporter-output>
  <suite started-at="2026-07-01T13:07:34 IST" name="Default suite" finished-at="2026-07-01T13:08:18 IST" duration-ms="43864">
    <groups>
    </groups>
    <test started-at="2026-07-01T13:07:34 IST" name="Default test" finished-at="2026-07-01T13:08:18 IST" duration-ms="43864">
      <class name="Practice.Day19_6">
        <test-method is-config="true" signature="setUp()[pri:0, instance:Practice.Day19_6@5aa9e4eb]" started-at="2026-07-01T13:07:34 IST" name="setUp" finished-at="2026-07-01T13:07:36 IST" duration-ms="1618" status="PASS">
          <reporter-output>
          </reporter-output>
        </test-method> <!-- setUp -->
        <test-method is-config="true" signature="ini()[pri:0, instance:Practice.Day19_6@5aa9e4eb]" started-at="2026-07-01T13:07:36 IST" name="ini" finished-at="2026-07-01T13:07:40 IST" duration-ms="3946" status="PASS">
          <reporter-output>
          </reporter-output>
        </test-method> <!-- ini -->
        <test-method signature="tc1()[pri:0, instance:Practice.Day19_6@5aa9e4eb]" started-at="2026-07-01T13:07:40 IST" name="tc1" finished-at="2026-07-01T13:07:41 IST" duration-ms="804" status="PASS">
          <reporter-output>
          </reporter-output>
        </test-method> <!-- tc1 -->
        <test-method is-config="true" signature="ini()[pri:0, instance:Practice.Day19_6@5aa9e4eb]" started-at="2026-07-01T13:07:41 IST" name="ini" finished-at="2026-07-01T13:07:42 IST" duration-ms="1279" status="PASS">
          <reporter-output>
          </reporter-output>
        </test-method> <!-- ini -->
        <test-method signature="tc10()[pri:0, instance:Practice.Day19_6@5aa9e4eb]" started-at="2026-07-01T13:07:42 IST" name="tc10" finished-at="2026-07-01T13:07:46 IST" duration-ms="4665" status="PASS">
          <reporter-output>
          </reporter-output>
        </test-method> <!-- tc10 -->
        <test-method is-config="true" signature="ini()[pri:0, instance:Practice.Day19_6@5aa9e4eb]" started-at="2026-07-01T13:07:46 IST" name="ini" finished-at="2026-07-01T13:07:48 IST" duration-ms="1188" status="PASS">
          <reporter-output>
          </reporter-output>
        </test-method> <!-- ini -->
        <test-method signature="tc2()[pri:0, instance:Practice.Day19_6@5aa9e4eb]" started-at="2026-07-01T13:07:48 IST" name="tc2" finished-at="2026-07-01T13:07:48 IST" duration-ms="535" status="PASS">
          <reporter-output>
          </reporter-output>
        </test-method> <!-- tc2 -->
        <test-method is-config="true" signature="ini()[pri:0, instance:Practice.Day19_6@5aa9e4eb]" started-at="2026-07-01T13:07:48 IST" name="ini" finished-at="2026-07-01T13:07:50 IST" duration-ms="1642" status="PASS">
          <reporter-output>
          </reporter-output>
        </test-method> <!-- ini -->
        <test-method signature="tc3()[pri:0, instance:Practice.Day19_6@5aa9e4eb]" started-at="2026-07-01T13:07:50 IST" name="tc3" finished-at="2026-07-01T13:07:54 IST" duration-ms="3868" status="PASS">
          <reporter-output>
          </reporter-output>
        </test-method> <!-- tc3 -->
        <test-method is-config="true" signature="ini()[pri:0, instance:Practice.Day19_6@5aa9e4eb]" started-at="2026-07-01T13:07:54 IST" name="ini" finished-at="2026-07-01T13:07:54 IST" duration-ms="519" status="PASS">
          <reporter-output>
          </reporter-output>
        </test-method> <!-- ini -->
        <test-method signature="tc4()[pri:0, instance:Practice.Day19_6@5aa9e4eb]" started-at="2026-07-01T13:07:54 IST" name="tc4" finished-at="2026-07-01T13:07:56 IST" duration-ms="1877" status="PASS">
          <reporter-output>
          </reporter-output>
        </test-method> <!-- tc4 -->
        <test-method is-config="true" signature="ini()[pri:0, instance:Practice.Day19_6@5aa9e4eb]" started-at="2026-07-01T13:07:56 IST" name="ini" finished-at="2026-07-01T13:07:58 IST" duration-ms="1886" status="PASS">
          <reporter-output>
          </reporter-output>
        </test-method> <!-- ini -->
        <test-method signature="tc5()[pri:0, instance:Practice.Day19_6@5aa9e4eb]" started-at="2026-07-01T13:07:58 IST" name="tc5" finished-at="2026-07-01T13:07:59 IST" duration-ms="639" status="PASS">
          <reporter-output>
          </reporter-output>
        </test-method> <!-- tc5 -->
        <test-method is-config="true" signature="ini()[pri:0, instance:Practice.Day19_6@5aa9e4eb]" started-at="2026-07-01T13:07:59 IST" name="ini" finished-at="2026-07-01T13:08:00 IST" duration-ms="1123" status="PASS">
          <reporter-output>
          </reporter-output>
        </test-method> <!-- ini -->
        <test-method signature="tc6()[pri:0, instance:Practice.Day19_6@5aa9e4eb]" started-at="2026-07-01T13:08:00 IST" name="tc6" finished-at="2026-07-01T13:08:04 IST" duration-ms="4213" status="PASS">
          <reporter-output>
          </reporter-output>
        </test-method> <!-- tc6 -->
        <test-method is-config="true" signature="ini()[pri:0, instance:Practice.Day19_6@5aa9e4eb]" started-at="2026-07-01T13:08:04 IST" name="ini" finished-at="2026-07-01T13:08:06 IST" duration-ms="1479" status="PASS">
          <reporter-output>
          </reporter-output>
        </test-method> <!-- ini -->
        <test-method signature="tc7()[pri:0, instance:Practice.Day19_6@5aa9e4eb]" started-at="2026-07-01T13:08:06 IST" name="tc7" finished-at="2026-07-01T13:08:10 IST" duration-ms="4801" status="PASS">
          <reporter-output>
          </reporter-output>
        </test-method> <!-- tc7 -->
        <test-method is-config="true" signature="ini()[pri:0, instance:Practice.Day19_6@5aa9e4eb]" started-at="2026-07-01T13:08:10 IST" name="ini" finished-at="2026-07-01T13:08:12 IST" duration-ms="1496" status="PASS">
          <reporter-output>
          </reporter-output>
        </test-method> <!-- ini -->
        <test-method signature="tc8()[pri:0, instance:Practice.Day19_6@5aa9e4eb]" started-at="2026-07-01T13:08:12 IST" name="tc8" finished-at="2026-07-01T13:08:13 IST" duration-ms="1073" status="PASS">
          <reporter-output>
          </reporter-output>
        </test-method> <!-- tc8 -->
        <test-method is-config="true" signature="ini()[pri:0, instance:Practice.Day19_6@5aa9e4eb]" started-at="2026-07-01T13:08:13 IST" name="ini" finished-at="2026-07-01T13:08:14 IST" duration-ms="1397" status="PASS">
          <reporter-output>
          </reporter-output>
        </test-method> <!-- ini -->
        <test-method signature="tc9()[pri:0, instance:Practice.Day19_6@5aa9e4eb]" started-at="2026-07-01T13:08:14 IST" name="tc9" finished-at="2026-07-01T13:08:17 IST" duration-ms="3057" status="PASS">
          <reporter-output>
          </reporter-output>
        </test-method> <!-- tc9 -->
        <test-method is-config="true" signature="tearDown()[pri:0, instance:Practice.Day19_6@5aa9e4eb]" started-at="2026-07-01T13:08:17 IST" name="tearDown" finished-at="2026-07-01T13:08:18 IST" duration-ms="562" status="PASS">
          <reporter-output>
          </reporter-output>
        </test-method> <!-- tearDown -->
      </class> <!-- Practice.Day19_6 -->
    </test> <!-- Default test -->
  </suite> <!-- Default suite -->
</testng-results>
