<?xml version="1.0" encoding="UTF-8"?>
<!-- Generated by org.testng.reporters.JUnitReportReporter -->
<testsuite hostname="YOGESH" failures="0" tests="10" name="Practice.day22_4" time="63.847" errors="0" timestamp="2026-04-23T20:40:30 IST" skipped="0">
  <testcase classname="Practice.day22_4" name="tc7" time="6.762"/>
  <testcase classname="Practice.day22_4" name="tc4" time="4.556"/>
  <testcase classname="Practice.day22_4" name="tc9" time="8.214"/>
  <testcase classname="Practice.day22_4" name="tc2" time="4.012"/>
  <testcase classname="Practice.day22_4" name="tc10" time="10.138"/>
  <testcase classname="Practice.day22_4" name="tc6" time="7.357"/>
  <testcase classname="Practice.day22_4" name="tc3" time="6.332"/>
  <testcase classname="Practice.day22_4" name="tc5" time="4.051"/>
  <testcase classname="Practice.day22_4" name="tc8" time="7.023"/>
  <testcase classname="Practice.day22_4" name="tc1" time="5.402"/>
</testsuite> <!-- Practice.day22_4 -->
