<?xml version="1.0" encoding="UTF-8"?>
<!-- Generated by org.testng.reporters.JUnitReportReporter -->
<testsuite hostname="YOGESH" failures="0" tests="10" name="Practice.Day1_6" time="35.638" errors="0" timestamp="2026-06-01T13:01:53 IST" skipped="0">
  <testcase classname="Practice.Day1_6" name="tc8" time="4.197"/>
  <testcase classname="Practice.Day1_6" name="tc2" time="1.240"/>
  <testcase classname="Practice.Day1_6" name="tc6" time="3.371"/>
  <testcase classname="Practice.Day1_6" name="tc4" time="1.170"/>
  <testcase classname="Practice.Day1_6" name="tc10" time="6.219"/>
  <testcase classname="Practice.Day1_6" name="tc9" time="3.737"/>
  <testcase classname="Practice.Day1_6" name="tc5" time="1.545"/>
  <testcase classname="Practice.Day1_6" name="tc3" time="4.041"/>
  <testcase classname="Practice.Day1_6" name="tc1" time="1.440"/>
  <testcase classname="Practice.Day1_6" name="tc7" time="8.678"/>
</testsuite> <!-- Practice.Day1_6 -->
