<?xml version="1.0" encoding="UTF-8"?>
<!-- Generated by org.testng.reporters.JUnitReportReporter -->
<testsuite hostname="YOGESH" failures="0" tests="9" name="Practice.Day22_3" time="66.750" errors="0" timestamp="2026-03-22T20:46:29 IST" skipped="0">
  <testcase classname="Practice.Day22_3" name="tc9" time="7.680"/>
  <testcase classname="Practice.Day22_3" name="t2" time="4.796"/>
  <testcase classname="Practice.Day22_3" name="tc3" time="9.229"/>
  <testcase classname="Practice.Day22_3" name="tc7" time="6.078"/>
  <testcase classname="Practice.Day22_3" name="tc8" time="13.000"/>
  <testcase classname="Practice.Day22_3" name="tc5" time="5.373"/>
  <testcase classname="Practice.Day22_3" name="tc1" time="5.649"/>
  <testcase classname="Practice.Day22_3" name="tc6" time="8.784"/>
  <testcase classname="Practice.Day22_3" name="tc4" time="6.161"/>
</testsuite> <!-- Practice.Day22_3 -->
