<?xml version="1.0" encoding="UTF-8"?>
<!-- Generated by org.testng.reporters.JUnitReportReporter -->
<testsuite hostname="YOGESH" failures="0" tests="10" name="Practice.Day20_5" time="50.447" errors="0" timestamp="2026-05-20T01:22:04 IST" skipped="0">
  <testcase classname="Practice.Day20_5" name="tc2" time="3.173"/>
  <testcase classname="Practice.Day20_5" name="tc6" time="4.100"/>
  <testcase classname="Practice.Day20_5" name="tc7" time="10.370"/>
  <testcase classname="Practice.Day20_5" name="tc4" time="2.040"/>
  <testcase classname="Practice.Day20_5" name="tc5" time="3.418"/>
  <testcase classname="Practice.Day20_5" name="tc9" time="4.195"/>
  <testcase classname="Practice.Day20_5" name="tc8" time="6.264"/>
  <testcase classname="Practice.Day20_5" name="tc1" time="2.274"/>
  <testcase classname="Practice.Day20_5" name="tc3" time="7.157"/>
  <testcase classname="Practice.Day20_5" name="tc10" time="7.456"/>
</testsuite> <!-- Practice.Day20_5 -->
