<?xml version="1.0" encoding="UTF-8"?>
<!-- Generated by org.testng.reporters.JUnitReportReporter -->
<testsuite hostname="YOGESH" failures="1" tests="10" name="Practice.Day6_3" time="73.291" errors="0" timestamp="2026-03-09T15:36:47 IST" skipped="0">
  <testcase classname="Practice.Day6_3" name="tc5" time="2.595"/>
  <testcase classname="Practice.Day6_3" name="tc8" time="7.936"/>
  <testcase classname="Practice.Day6_3" name="tc6" time="10.359">
    <failure message="expected [https://www.qaclickacademy.com/] but found [https://www.dot-consulting.org/articles/foundations-of-modern-higher-education.html?psystem=PW&amp;domain=www.qaclickacademy.com&amp;oref=https%3A%2F%2Frahulshettyacademy.com%2F]" type="java.lang.AssertionError">
      <![CDATA[java.lang.AssertionError: expected [https://www.qaclickacademy.com/] but found [https://www.dot-consulting.org/articles/foundations-of-modern-higher-education.html?psystem=PW&domain=www.qaclickacademy.com&oref=https%3A%2F%2Frahulshettyacademy.com%2F]
at org.testng.Assert.fail(Assert.java:111)
at org.testng.Assert.failNotEquals(Assert.java:1590)
at org.testng.Assert.assertEqualsImpl(Assert.java:150)
at org.testng.Assert.assertEquals(Assert.java:132)
at org.testng.Assert.assertEquals(Assert.java:656)
at org.testng.Assert.assertEquals(Assert.java:666)
at Practice.Day6_3.tc6(Day6_3.java:187)
at java.base/jdk.internal.reflect.DirectMethodHandleAccessor.invoke(DirectMethodHandleAccessor.java:104)
at java.base/java.lang.reflect.Method.invoke(Method.java:578)
at org.testng.internal.invokers.MethodInvocationHelper.invokeMethod(MethodInvocationHelper.java:141)
at org.testng.internal.invokers.TestInvoker.invokeMethod(TestInvoker.java:687)
at org.testng.internal.invokers.TestInvoker.invokeTestMethod(TestInvoker.java:230)
at org.testng.internal.invokers.MethodRunner.runInSequence(MethodRunner.java:63)
at org.testng.internal.invokers.TestInvoker$MethodInvocationAgent.invoke(TestInvoker.java:995)
at org.testng.internal.invokers.TestInvoker.invokeTestMethods(TestInvoker.java:203)
at org.testng.internal.invokers.TestMethodWorker.invokeTestMethods(TestMethodWorker.java:154)
at org.testng.internal.invokers.TestMethodWorker.run(TestMethodWorker.java:134)
at java.base/java.util.ArrayList.forEach(ArrayList.java:1511)
at org.testng.TestRunner.privateRun(TestRunner.java:741)
at org.testng.TestRunner.run(TestRunner.java:616)
at org.testng.SuiteRunner.runTest(SuiteRunner.java:421)
at org.testng.SuiteRunner.runSequentially(SuiteRunner.java:413)
at org.testng.SuiteRunner.privateRun(SuiteRunner.java:373)
at org.testng.SuiteRunner.run(SuiteRunner.java:312)
at org.testng.SuiteRunnerWorker.runSuite(SuiteRunnerWorker.java:52)
at org.testng.SuiteRunnerWorker.run(SuiteRunnerWorker.java:95)
at org.testng.TestNG.runSuitesSequentially(TestNG.java:1274)
at org.testng.TestNG.runSuitesLocally(TestNG.java:1208)
at org.testng.TestNG.runSuites(TestNG.java:1112)
at org.testng.TestNG.run(TestNG.java:1079)
at org.testng.remote.AbstractRemoteTestNG.run(AbstractRemoteTestNG.java:115)
at org.testng.remote.RemoteTestNG.initAndRun(RemoteTestNG.java:293)
at org.testng.remote.RemoteTestNG.main(RemoteTestNG.java:91)
]]>
    </failure>
  </testcase> <!-- tc6 -->
  <testcase classname="Practice.Day6_3" name="tc10" time="10.270"/>
  <testcase classname="Practice.Day6_3" name="tc3" time="8.359"/>
  <testcase classname="Practice.Day6_3" name="tc2" time="8.652"/>
  <testcase classname="Practice.Day6_3" name="tc9" time="3.875"/>
  <testcase classname="Practice.Day6_3" name="tc1" time="5.537"/>
  <testcase classname="Practice.Day6_3" name="tc4" time="6.487"/>
  <testcase classname="Practice.Day6_3" name="tc7" time="9.221"/>
</testsuite> <!-- Practice.Day6_3 -->
